Created by PLY version 3.11 (http://www.dabeaz.com/ply)

Grammar

Rule 0     S' -> expresion
Rule 1     expresion -> FOR PA INT ID IGUAL NUMBER PUNTO_COMA ID MENOR_IGUAL NUMBER PUNTO_COMA ID MASMAS PC LLAVEA SYSTEM POT OUT POT PRINTLN PA STRING PLUS NUMBER PC PUNTO_COMA LLAVEC

Terminals, with rules where they appear

FOR                  : 1
ID                   : 1 1 1
IGUAL                : 1
INT                  : 1
LLAVEA               : 1
LLAVEC               : 1
MASMAS               : 1
MENOR_IGUAL          : 1
NUMBER               : 1 1 1
OUT                  : 1
PA                   : 1 1
PC                   : 1 1
PLUS                 : 1
POT                  : 1 1
PRINTLN              : 1
PUNTO_COMA           : 1 1 1
STRING               : 1
SYSTEM               : 1
error                : 

Nonterminals, with rules where they appear

expresion            : 0

Parsing method: LALR

state 0

    (0) S' -> . expresion
    (1) expresion -> . FOR PA INT ID IGUAL NUMBER PUNTO_COMA ID MENOR_IGUAL NUMBER PUNTO_COMA ID MASMAS PC LLAVEA SYSTEM POT OUT POT PRINTLN PA STRING PLUS NUMBER PC PUNTO_COMA LLAVEC

    FOR             shift and go to state 2

    expresion                      shift and go to state 1

state 1

    (0) S' -> expresion .



state 2

    (1) expresion -> FOR . PA INT ID IGUAL NUMBER PUNTO_COMA ID MENOR_IGUAL NUMBER PUNTO_COMA ID MASMAS PC LLAVEA SYSTEM POT OUT POT PRINTLN PA STRING PLUS NUMBER PC PUNTO_COMA LLAVEC

    PA              shift and go to state 3


state 3

    (1) expresion -> FOR PA . INT ID IGUAL NUMBER PUNTO_COMA ID MENOR_IGUAL NUMBER PUNTO_COMA ID MASMAS PC LLAVEA SYSTEM POT OUT POT PRINTLN PA STRING PLUS NUMBER PC PUNTO_COMA LLAVEC

    INT             shift and go to state 4


state 4

    (1) expresion -> FOR PA INT . ID IGUAL NUMBER PUNTO_COMA ID MENOR_IGUAL NUMBER PUNTO_COMA ID MASMAS PC LLAVEA SYSTEM POT OUT POT PRINTLN PA STRING PLUS NUMBER PC PUNTO_COMA LLAVEC

    ID              shift and go to state 5


state 5

    (1) expresion -> FOR PA INT ID . IGUAL NUMBER PUNTO_COMA ID MENOR_IGUAL NUMBER PUNTO_COMA ID MASMAS PC LLAVEA SYSTEM POT OUT POT PRINTLN PA STRING PLUS NUMBER PC PUNTO_COMA LLAVEC

    IGUAL           shift and go to state 6


state 6

    (1) expresion -> FOR PA INT ID IGUAL . NUMBER PUNTO_COMA ID MENOR_IGUAL NUMBER PUNTO_COMA ID MASMAS PC LLAVEA SYSTEM POT OUT POT PRINTLN PA STRING PLUS NUMBER PC PUNTO_COMA LLAVEC

    NUMBER          shift and go to state 7


state 7

    (1) expresion -> FOR PA INT ID IGUAL NUMBER . PUNTO_COMA ID MENOR_IGUAL NUMBER PUNTO_COMA ID MASMAS PC LLAVEA SYSTEM POT OUT POT PRINTLN PA STRING PLUS NUMBER PC PUNTO_COMA LLAVEC

    PUNTO_COMA      shift and go to state 8


state 8

    (1) expresion -> FOR PA INT ID IGUAL NUMBER PUNTO_COMA . ID MENOR_IGUAL NUMBER PUNTO_COMA ID MASMAS PC LLAVEA SYSTEM POT OUT POT PRINTLN PA STRING PLUS NUMBER PC PUNTO_COMA LLAVEC

    ID              shift and go to state 9


state 9

    (1) expresion -> FOR PA INT ID IGUAL NUMBER PUNTO_COMA ID . MENOR_IGUAL NUMBER PUNTO_COMA ID MASMAS PC LLAVEA SYSTEM POT OUT POT PRINTLN PA STRING PLUS NUMBER PC PUNTO_COMA LLAVEC

    MENOR_IGUAL     shift and go to state 10


state 10

    (1) expresion -> FOR PA INT ID IGUAL NUMBER PUNTO_COMA ID MENOR_IGUAL . NUMBER PUNTO_COMA ID MASMAS PC LLAVEA SYSTEM POT OUT POT PRINTLN PA STRING PLUS NUMBER PC PUNTO_COMA LLAVEC

    NUMBER          shift and go to state 11


state 11

    (1) expresion -> FOR PA INT ID IGUAL NUMBER PUNTO_COMA ID MENOR_IGUAL NUMBER . PUNTO_COMA ID MASMAS PC LLAVEA SYSTEM POT OUT POT PRINTLN PA STRING PLUS NUMBER PC PUNTO_COMA LLAVEC

    PUNTO_COMA      shift and go to state 12


state 12

    (1) expresion -> FOR PA INT ID IGUAL NUMBER PUNTO_COMA ID MENOR_IGUAL NUMBER PUNTO_COMA . ID MASMAS PC LLAVEA SYSTEM POT OUT POT PRINTLN PA STRING PLUS NUMBER PC PUNTO_COMA LLAVEC

    ID              shift and go to state 13


state 13

    (1) expresion -> FOR PA INT ID IGUAL NUMBER PUNTO_COMA ID MENOR_IGUAL NUMBER PUNTO_COMA ID . MASMAS PC LLAVEA SYSTEM POT OUT POT PRINTLN PA STRING PLUS NUMBER PC PUNTO_COMA LLAVEC

    MASMAS          shift and go to state 14


state 14

    (1) expresion -> FOR PA INT ID IGUAL NUMBER PUNTO_COMA ID MENOR_IGUAL NUMBER PUNTO_COMA ID MASMAS . PC LLAVEA SYSTEM POT OUT POT PRINTLN PA STRING PLUS NUMBER PC PUNTO_COMA LLAVEC

    PC              shift and go to state 15


state 15

    (1) expresion -> FOR PA INT ID IGUAL NUMBER PUNTO_COMA ID MENOR_IGUAL NUMBER PUNTO_COMA ID MASMAS PC . LLAVEA SYSTEM POT OUT POT PRINTLN PA STRING PLUS NUMBER PC PUNTO_COMA LLAVEC

    LLAVEA          shift and go to state 16


state 16

    (1) expresion -> FOR PA INT ID IGUAL NUMBER PUNTO_COMA ID MENOR_IGUAL NUMBER PUNTO_COMA ID MASMAS PC LLAVEA . SYSTEM POT OUT POT PRINTLN PA STRING PLUS NUMBER PC PUNTO_COMA LLAVEC

    SYSTEM          shift and go to state 17


state 17

    (1) expresion -> FOR PA INT ID IGUAL NUMBER PUNTO_COMA ID MENOR_IGUAL NUMBER PUNTO_COMA ID MASMAS PC LLAVEA SYSTEM . POT OUT POT PRINTLN PA STRING PLUS NUMBER PC PUNTO_COMA LLAVEC

    POT             shift and go to state 18


state 18

    (1) expresion -> FOR PA INT ID IGUAL NUMBER PUNTO_COMA ID MENOR_IGUAL NUMBER PUNTO_COMA ID MASMAS PC LLAVEA SYSTEM POT . OUT POT PRINTLN PA STRING PLUS NUMBER PC PUNTO_COMA LLAVEC

    OUT             shift and go to state 19


state 19

    (1) expresion -> FOR PA INT ID IGUAL NUMBER PUNTO_COMA ID MENOR_IGUAL NUMBER PUNTO_COMA ID MASMAS PC LLAVEA SYSTEM POT OUT . POT PRINTLN PA STRING PLUS NUMBER PC PUNTO_COMA LLAVEC

    POT             shift and go to state 20


state 20

    (1) expresion -> FOR PA INT ID IGUAL NUMBER PUNTO_COMA ID MENOR_IGUAL NUMBER PUNTO_COMA ID MASMAS PC LLAVEA SYSTEM POT OUT POT . PRINTLN PA STRING PLUS NUMBER PC PUNTO_COMA LLAVEC

    PRINTLN         shift and go to state 21


state 21

    (1) expresion -> FOR PA INT ID IGUAL NUMBER PUNTO_COMA ID MENOR_IGUAL NUMBER PUNTO_COMA ID MASMAS PC LLAVEA SYSTEM POT OUT POT PRINTLN . PA STRING PLUS NUMBER PC PUNTO_COMA LLAVEC

    PA              shift and go to state 22


state 22

    (1) expresion -> FOR PA INT ID IGUAL NUMBER PUNTO_COMA ID MENOR_IGUAL NUMBER PUNTO_COMA ID MASMAS PC LLAVEA SYSTEM POT OUT POT PRINTLN PA . STRING PLUS NUMBER PC PUNTO_COMA LLAVEC

    STRING          shift and go to state 23


state 23

    (1) expresion -> FOR PA INT ID IGUAL NUMBER PUNTO_COMA ID MENOR_IGUAL NUMBER PUNTO_COMA ID MASMAS PC LLAVEA SYSTEM POT OUT POT PRINTLN PA STRING . PLUS NUMBER PC PUNTO_COMA LLAVEC

    PLUS            shift and go to state 24


state 24

    (1) expresion -> FOR PA INT ID IGUAL NUMBER PUNTO_COMA ID MENOR_IGUAL NUMBER PUNTO_COMA ID MASMAS PC LLAVEA SYSTEM POT OUT POT PRINTLN PA STRING PLUS . NUMBER PC PUNTO_COMA LLAVEC

    NUMBER          shift and go to state 25


state 25

    (1) expresion -> FOR PA INT ID IGUAL NUMBER PUNTO_COMA ID MENOR_IGUAL NUMBER PUNTO_COMA ID MASMAS PC LLAVEA SYSTEM POT OUT POT PRINTLN PA STRING PLUS NUMBER . PC PUNTO_COMA LLAVEC

    PC              shift and go to state 26


state 26

    (1) expresion -> FOR PA INT ID IGUAL NUMBER PUNTO_COMA ID MENOR_IGUAL NUMBER PUNTO_COMA ID MASMAS PC LLAVEA SYSTEM POT OUT POT PRINTLN PA STRING PLUS NUMBER PC . PUNTO_COMA LLAVEC

    PUNTO_COMA      shift and go to state 27


state 27

    (1) expresion -> FOR PA INT ID IGUAL NUMBER PUNTO_COMA ID MENOR_IGUAL NUMBER PUNTO_COMA ID MASMAS PC LLAVEA SYSTEM POT OUT POT PRINTLN PA STRING PLUS NUMBER PC PUNTO_COMA . LLAVEC

    LLAVEC          shift and go to state 28


state 28

    (1) expresion -> FOR PA INT ID IGUAL NUMBER PUNTO_COMA ID MENOR_IGUAL NUMBER PUNTO_COMA ID MASMAS PC LLAVEA SYSTEM POT OUT POT PRINTLN PA STRING PLUS NUMBER PC PUNTO_COMA LLAVEC .

    $end            reduce using rule 1 (expresion -> FOR PA INT ID IGUAL NUMBER PUNTO_COMA ID MENOR_IGUAL NUMBER PUNTO_COMA ID MASMAS PC LLAVEA SYSTEM POT OUT POT PRINTLN PA STRING PLUS NUMBER PC PUNTO_COMA LLAVEC .)

